2020-01-08 14:06:36.201 - Info	
Packing C:\Users\jbecu\Documents\PCF\AttachmentEmail\AttachmentEmail_Solution\obj\Release\ to bin\Release\AttachmentEmail_Solution.zip

2020-01-08 14:06:36.225 - Info	Processing Component: Entities
2020-01-08 14:06:36.230 - Info	Processing Component: Roles
2020-01-08 14:06:36.234 - Info	Processing Component: Workflows
2020-01-08 14:06:36.234 - Info	Processing Component: FieldSecurityProfiles
2020-01-08 14:06:36.235 - Info	Processing Component: Templates
2020-01-08 14:06:36.236 - Info	Processing Component: EntityMaps
2020-01-08 14:06:36.236 - Info	Processing Component: EntityRelationships
2020-01-08 14:06:36.243 - Info	Processing Component: OrganizationSettings
2020-01-08 14:06:36.244 - Info	Processing Component: optionsets
2020-01-08 14:06:36.244 - Info	Processing Component: CustomControls
2020-01-08 14:06:36.258 - Info	 - AttachmentEmail.AttachmentEmail
2020-01-08 14:06:36.271 - Info	Processing Component: SolutionPluginAssemblies
2020-01-08 14:06:36.274 - Info	Processing Component: EntityDataProviders
2020-01-08 14:06:36.369 - Info	
Managed Pack complete.

2020-01-14 14:43:12.944 - Info	
Packing C:\Users\jbecu\Documents\PCF\AttachmentEmail\AttachmentEmail_Solution\obj\Release\ to bin\Release\AttachmentEmail_Solution.zip

2020-01-14 14:43:12.961 - Info	Processing Component: Entities
2020-01-14 14:43:12.964 - Info	Processing Component: Roles
2020-01-14 14:43:12.968 - Info	Processing Component: Workflows
2020-01-14 14:43:12.969 - Info	Processing Component: FieldSecurityProfiles
2020-01-14 14:43:12.969 - Info	Processing Component: Templates
2020-01-14 14:43:12.971 - Info	Processing Component: EntityMaps
2020-01-14 14:43:12.972 - Info	Processing Component: EntityRelationships
2020-01-14 14:43:12.978 - Info	Processing Component: OrganizationSettings
2020-01-14 14:43:12.979 - Info	Processing Component: optionsets
2020-01-14 14:43:12.980 - Info	Processing Component: CustomControls
2020-01-14 14:43:12.991 - Info	 - AttachmentEmail.AttachmentEmail
2020-01-14 14:43:13.004 - Info	Processing Component: SolutionPluginAssemblies
2020-01-14 14:43:13.007 - Info	Processing Component: EntityDataProviders
2020-01-14 14:43:13.073 - Info	
Managed Pack complete.

2020-01-14 14:45:37.304 - Info	
Packing C:\Users\jbecu\Documents\PCF\AttachmentEmail\AttachmentEmail_Solution\obj\Release\ to bin\Release\AttachmentEmail_Solution.zip

2020-01-14 14:45:37.319 - Info	Processing Component: Entities
2020-01-14 14:45:37.323 - Info	Processing Component: Roles
2020-01-14 14:45:37.329 - Info	Processing Component: Workflows
2020-01-14 14:45:37.329 - Info	Processing Component: FieldSecurityProfiles
2020-01-14 14:45:37.330 - Info	Processing Component: Templates
2020-01-14 14:45:37.331 - Info	Processing Component: EntityMaps
2020-01-14 14:45:37.331 - Info	Processing Component: EntityRelationships
2020-01-14 14:45:37.336 - Info	Processing Component: OrganizationSettings
2020-01-14 14:45:37.337 - Info	Processing Component: optionsets
2020-01-14 14:45:37.337 - Info	Processing Component: CustomControls
2020-01-14 14:45:37.350 - Info	 - AttachmentEmail.AttachmentEmail
2020-01-14 14:45:37.363 - Info	Processing Component: SolutionPluginAssemblies
2020-01-14 14:45:37.364 - Info	Processing Component: EntityDataProviders
2020-01-14 14:45:37.430 - Info	
Managed Pack complete.

2020-01-14 14:55:12.252 - Info	
Packing C:\Users\jbecu\Documents\PCF\AttachmentEmail\AttachmentEmail_Solution\obj\Release\ to bin\Release\AttachmentEmail_Solution.zip

2020-01-14 14:55:12.269 - Info	Processing Component: Entities
2020-01-14 14:55:12.274 - Info	Processing Component: Roles
2020-01-14 14:55:12.278 - Info	Processing Component: Workflows
2020-01-14 14:55:12.278 - Info	Processing Component: FieldSecurityProfiles
2020-01-14 14:55:12.279 - Info	Processing Component: Templates
2020-01-14 14:55:12.280 - Info	Processing Component: EntityMaps
2020-01-14 14:55:12.280 - Info	Processing Component: EntityRelationships
2020-01-14 14:55:12.288 - Info	Processing Component: OrganizationSettings
2020-01-14 14:55:12.289 - Info	Processing Component: optionsets
2020-01-14 14:55:12.289 - Info	Processing Component: CustomControls
2020-01-14 14:55:12.301 - Info	 - AttachmentEmail.AttachmentEmail
2020-01-14 14:55:12.315 - Info	Processing Component: SolutionPluginAssemblies
2020-01-14 14:55:12.318 - Info	Processing Component: EntityDataProviders
2020-01-14 14:55:12.392 - Info	
Managed Pack complete.

2020-01-14 15:01:48.439 - Info	
Packing C:\Users\jbecu\Documents\PCF\AttachmentEmail\AttachmentEmail_Solution\obj\Release\ to bin\Release\AttachmentEmail_Solution.zip

2020-01-14 15:01:48.456 - Info	Processing Component: Entities
2020-01-14 15:01:48.462 - Info	Processing Component: Roles
2020-01-14 15:01:48.468 - Info	Processing Component: Workflows
2020-01-14 15:01:48.468 - Info	Processing Component: FieldSecurityProfiles
2020-01-14 15:01:48.469 - Info	Processing Component: Templates
2020-01-14 15:01:48.470 - Info	Processing Component: EntityMaps
2020-01-14 15:01:48.470 - Info	Processing Component: EntityRelationships
2020-01-14 15:01:48.477 - Info	Processing Component: OrganizationSettings
2020-01-14 15:01:48.479 - Info	Processing Component: optionsets
2020-01-14 15:01:48.481 - Info	Processing Component: CustomControls
2020-01-14 15:01:48.492 - Info	 - AttachmentEmail.AttachmentEmail
2020-01-14 15:01:48.509 - Info	Processing Component: SolutionPluginAssemblies
2020-01-14 15:01:48.512 - Info	Processing Component: EntityDataProviders
2020-01-14 15:01:48.584 - Info	
Managed Pack complete.

2020-01-14 15:06:20.618 - Info	
Packing C:\Users\jbecu\Documents\PCF\AttachmentEmail\AttachmentEmail_Solution\obj\Release\ to bin\Release\AttachmentEmail_Solution.zip

2020-01-14 15:06:20.640 - Info	Processing Component: Entities
2020-01-14 15:06:20.645 - Info	Processing Component: Roles
2020-01-14 15:06:20.650 - Info	Processing Component: Workflows
2020-01-14 15:06:20.650 - Info	Processing Component: FieldSecurityProfiles
2020-01-14 15:06:20.651 - Info	Processing Component: Templates
2020-01-14 15:06:20.654 - Info	Processing Component: EntityMaps
2020-01-14 15:06:20.655 - Info	Processing Component: EntityRelationships
2020-01-14 15:06:20.664 - Info	Processing Component: OrganizationSettings
2020-01-14 15:06:20.665 - Info	Processing Component: optionsets
2020-01-14 15:06:20.665 - Info	Processing Component: CustomControls
2020-01-14 15:06:20.687 - Info	 - AttachmentEmail.AttachmentEmail
2020-01-14 15:06:20.743 - Info	Processing Component: SolutionPluginAssemblies
2020-01-14 15:06:20.748 - Info	Processing Component: EntityDataProviders
2020-01-14 15:06:20.841 - Info	
Managed Pack complete.

2020-01-14 15:11:41.815 - Info	
Packing C:\Users\jbecu\Documents\PCF\AttachmentEmail\AttachmentEmail_Solution\obj\Release\ to bin\Release\AttachmentEmail_Solution.zip

2020-01-14 15:11:41.832 - Info	Processing Component: Entities
2020-01-14 15:11:41.840 - Info	Processing Component: Roles
2020-01-14 15:11:41.844 - Info	Processing Component: Workflows
2020-01-14 15:11:41.844 - Info	Processing Component: FieldSecurityProfiles
2020-01-14 15:11:41.845 - Info	Processing Component: Templates
2020-01-14 15:11:41.846 - Info	Processing Component: EntityMaps
2020-01-14 15:11:41.846 - Info	Processing Component: EntityRelationships
2020-01-14 15:11:41.853 - Info	Processing Component: OrganizationSettings
2020-01-14 15:11:41.854 - Info	Processing Component: optionsets
2020-01-14 15:11:41.855 - Info	Processing Component: CustomControls
2020-01-14 15:11:41.866 - Info	 - AttachmentEmail.AttachmentEmail
2020-01-14 15:11:41.880 - Info	Processing Component: SolutionPluginAssemblies
2020-01-14 15:11:41.882 - Info	Processing Component: EntityDataProviders
2020-01-14 15:11:41.950 - Info	
Managed Pack complete.

2020-01-14 15:46:56.637 - Info	
Packing C:\Users\jbecu\Documents\PCF\AttachmentEmail\AttachmentEmail_Solution\obj\Release\ to bin\Release\AttachmentEmail_Solution.zip

2020-01-14 15:46:56.652 - Info	Processing Component: Entities
2020-01-14 15:46:56.657 - Info	Processing Component: Roles
2020-01-14 15:46:56.663 - Info	Processing Component: Workflows
2020-01-14 15:46:56.663 - Info	Processing Component: FieldSecurityProfiles
2020-01-14 15:46:56.663 - Info	Processing Component: Templates
2020-01-14 15:46:56.665 - Info	Processing Component: EntityMaps
2020-01-14 15:46:56.665 - Info	Processing Component: EntityRelationships
2020-01-14 15:46:56.672 - Info	Processing Component: OrganizationSettings
2020-01-14 15:46:56.673 - Info	Processing Component: optionsets
2020-01-14 15:46:56.673 - Info	Processing Component: CustomControls
2020-01-14 15:46:56.684 - Info	 - AttachmentEmail.AttachmentEmail
2020-01-14 15:46:56.700 - Info	Processing Component: SolutionPluginAssemblies
2020-01-14 15:46:56.702 - Info	Processing Component: EntityDataProviders
2020-01-14 15:46:56.771 - Info	
Managed Pack complete.

2020-01-14 15:55:17.797 - Info	
Packing C:\Users\jbecu\Documents\PCF\AttachmentEmail\AttachmentEmail_Solution\obj\Release\ to bin\Release\AttachmentEmail_Solution.zip

2020-01-14 15:55:17.814 - Info	Processing Component: Entities
2020-01-14 15:55:17.817 - Info	Processing Component: Roles
2020-01-14 15:55:17.824 - Info	Processing Component: Workflows
2020-01-14 15:55:17.824 - Info	Processing Component: FieldSecurityProfiles
2020-01-14 15:55:17.825 - Info	Processing Component: Templates
2020-01-14 15:55:17.826 - Info	Processing Component: EntityMaps
2020-01-14 15:55:17.826 - Info	Processing Component: EntityRelationships
2020-01-14 15:55:17.834 - Info	Processing Component: OrganizationSettings
2020-01-14 15:55:17.835 - Info	Processing Component: optionsets
2020-01-14 15:55:17.836 - Info	Processing Component: CustomControls
2020-01-14 15:55:17.847 - Info	 - AttachmentEmail.AttachmentEmail
2020-01-14 15:55:17.862 - Info	Processing Component: SolutionPluginAssemblies
2020-01-14 15:55:17.864 - Info	Processing Component: EntityDataProviders
2020-01-14 15:55:17.930 - Info	
Managed Pack complete.

2020-01-14 15:59:44.592 - Info	
Packing C:\Users\jbecu\Documents\PCF\AttachmentEmail\AttachmentEmail_Solution\obj\Release\ to bin\Release\AttachmentEmail_Solution.zip

2020-01-14 15:59:44.608 - Info	Processing Component: Entities
2020-01-14 15:59:44.613 - Info	Processing Component: Roles
2020-01-14 15:59:44.618 - Info	Processing Component: Workflows
2020-01-14 15:59:44.619 - Info	Processing Component: FieldSecurityProfiles
2020-01-14 15:59:44.619 - Info	Processing Component: Templates
2020-01-14 15:59:44.620 - Info	Processing Component: EntityMaps
2020-01-14 15:59:44.621 - Info	Processing Component: EntityRelationships
2020-01-14 15:59:44.629 - Info	Processing Component: OrganizationSettings
2020-01-14 15:59:44.630 - Info	Processing Component: optionsets
2020-01-14 15:59:44.630 - Info	Processing Component: CustomControls
2020-01-14 15:59:44.642 - Info	 - AttachmentEmail.AttachmentEmail
2020-01-14 15:59:44.658 - Info	Processing Component: SolutionPluginAssemblies
2020-01-14 15:59:44.659 - Info	Processing Component: EntityDataProviders
2020-01-14 15:59:44.728 - Info	
Managed Pack complete.

2020-01-14 16:22:11.044 - Info	
Packing C:\Users\jbecu\Documents\PCF\AttachmentEmail\AttachmentEmail_Solution\obj\Release\ to bin\Release\AttachmentEmail_Solution.zip

2020-01-14 16:22:11.070 - Info	Processing Component: Entities
2020-01-14 16:22:11.075 - Info	Processing Component: Roles
2020-01-14 16:22:11.079 - Info	Processing Component: Workflows
2020-01-14 16:22:11.080 - Info	Processing Component: FieldSecurityProfiles
2020-01-14 16:22:11.082 - Info	Processing Component: Templates
2020-01-14 16:22:11.083 - Info	Processing Component: EntityMaps
2020-01-14 16:22:11.084 - Info	Processing Component: EntityRelationships
2020-01-14 16:22:11.089 - Info	Processing Component: OrganizationSettings
2020-01-14 16:22:11.090 - Info	Processing Component: optionsets
2020-01-14 16:22:11.090 - Info	Processing Component: CustomControls
2020-01-14 16:22:11.105 - Info	 - AttachmentEmail.AttachmentEmail
2020-01-14 16:22:11.120 - Info	Processing Component: SolutionPluginAssemblies
2020-01-14 16:22:11.121 - Info	Processing Component: EntityDataProviders
2020-01-14 16:22:11.197 - Info	
Managed Pack complete.

2020-01-15 15:00:58.110 - Info	
Packing C:\Users\jbecu\Documents\PCF\AttachmentEmail\AttachmentEmail_Solution\obj\Release\ to bin\Release\AttachmentEmail_Solution.zip

2020-01-15 15:00:58.125 - Info	Processing Component: Entities
2020-01-15 15:00:58.130 - Info	Processing Component: Roles
2020-01-15 15:00:58.134 - Info	Processing Component: Workflows
2020-01-15 15:00:58.136 - Info	Processing Component: FieldSecurityProfiles
2020-01-15 15:00:58.136 - Info	Processing Component: Templates
2020-01-15 15:00:58.137 - Info	Processing Component: EntityMaps
2020-01-15 15:00:58.138 - Info	Processing Component: EntityRelationships
2020-01-15 15:00:58.143 - Info	Processing Component: OrganizationSettings
2020-01-15 15:00:58.144 - Info	Processing Component: optionsets
2020-01-15 15:00:58.144 - Info	Processing Component: CustomControls
2020-01-15 15:00:58.157 - Info	 - AttachmentEmail.AttachmentEmail
2020-01-15 15:00:58.171 - Info	Processing Component: SolutionPluginAssemblies
2020-01-15 15:00:58.174 - Info	Processing Component: EntityDataProviders
2020-01-15 15:00:58.243 - Info	
Managed Pack complete.

2020-01-17 10:31:26.351 - Info	
Packing C:\Users\jbecu\Documents\PCF\AttachmentEmail\AttachmentEmail_Solution\obj\Release\ to bin\Release\AttachmentEmail_Solution.zip

2020-01-17 10:31:26.403 - Info	Processing Component: Entities
2020-01-17 10:31:26.414 - Info	Processing Component: Roles
2020-01-17 10:31:26.421 - Info	Processing Component: Workflows
2020-01-17 10:31:26.423 - Info	Processing Component: FieldSecurityProfiles
2020-01-17 10:31:26.425 - Info	Processing Component: Templates
2020-01-17 10:31:26.429 - Info	Processing Component: EntityMaps
2020-01-17 10:31:26.430 - Info	Processing Component: EntityRelationships
2020-01-17 10:31:26.445 - Info	Processing Component: OrganizationSettings
2020-01-17 10:31:26.446 - Info	Processing Component: optionsets
2020-01-17 10:31:26.447 - Info	Processing Component: CustomControls
2020-01-17 10:31:26.477 - Info	 - AttachmentEmail.AttachmentEmail
2020-01-17 10:31:26.511 - Info	Processing Component: SolutionPluginAssemblies
2020-01-17 10:31:26.516 - Info	Processing Component: EntityDataProviders
2020-01-17 10:31:26.663 - Info	
Managed Pack complete.

2020-01-22 14:11:48.788 - Info	
Packing C:\Users\jbecu\Documents\PCF\AttachmentEmail\AttachmentEmail_Solution\obj\Release\ to bin\Release\AttachmentEmail_Solution.zip

2020-01-22 14:11:48.806 - Info	Processing Component: Entities
2020-01-22 14:11:48.812 - Info	Processing Component: Roles
2020-01-22 14:11:48.815 - Info	Processing Component: Workflows
2020-01-22 14:11:48.816 - Info	Processing Component: FieldSecurityProfiles
2020-01-22 14:11:48.816 - Info	Processing Component: Templates
2020-01-22 14:11:48.817 - Info	Processing Component: EntityMaps
2020-01-22 14:11:48.818 - Info	Processing Component: EntityRelationships
2020-01-22 14:11:48.823 - Info	Processing Component: OrganizationSettings
2020-01-22 14:11:48.824 - Info	Processing Component: optionsets
2020-01-22 14:11:48.825 - Info	Processing Component: CustomControls
2020-01-22 14:11:48.838 - Info	 - AttachmentEmail.AttachmentEmail
2020-01-22 14:11:48.854 - Info	Processing Component: SolutionPluginAssemblies
2020-01-22 14:11:48.855 - Info	Processing Component: EntityDataProviders
2020-01-22 14:11:48.955 - Info	
Managed Pack complete.

